
2023/11/05 (11:20:05) | ===> btop++ v.1.2.3
2023/11/05 (11:20:05) | ERROR: No tty detected!
btop++ needs an interactive shell to run.

2023/11/05 (11:20:12) | ===> btop++ v.1.2.3
2023/11/05 (11:20:12) | ERROR: No tty detected!
btop++ needs an interactive shell to run.

2023/11/05 (11:21:44) | ===> btop++ v.1.2.3
2023/11/05 (11:21:44) | ERROR: No tty detected!
btop++ needs an interactive shell to run.

2023/12/28 (16:59:22) | ===> btop++ v.1.2.13
2023/12/28 (16:59:22) | ERROR: No tty detected!
btop++ needs an interactive shell to run.

2023/12/28 (16:59:37) | ===> btop++ v.1.2.13
2023/12/28 (16:59:37) | ERROR: No tty detected!
btop++ needs an interactive shell to run.

2023/12/28 (17:00:42) | ===> btop++ v.1.2.13
2023/12/28 (17:00:42) | ERROR: No tty detected!
btop++ needs an interactive shell to run.

2023/12/28 (17:00:44) | ===> btop++ v.1.2.13
2023/12/28 (17:00:44) | ERROR: No tty detected!
btop++ needs an interactive shell to run.

2023/12/28 (17:02:16) | ===> btop++ v.1.2.13
2023/12/28 (17:02:16) | ERROR: No tty detected!
btop++ needs an interactive shell to run.

2023/12/28 (17:07:11) | ===> btop++ v.1.2.13
2023/12/28 (17:07:11) | ERROR: No tty detected!
btop++ needs an interactive shell to run.

2023/12/28 (17:14:46) | ===> btop++ v.1.2.13
2023/12/28 (17:14:46) | ERROR: No tty detected!
btop++ needs an interactive shell to run.

2023/12/28 (17:15:28) | ===> btop++ v.1.2.13
2023/12/28 (17:15:28) | ERROR: No tty detected!
btop++ needs an interactive shell to run.

2023/12/28 (17:17:25) | ===> btop++ v.1.2.13
2023/12/28 (17:17:25) | ERROR: No tty detected!
btop++ needs an interactive shell to run.

2023/12/28 (17:18:00) | ===> btop++ v.1.2.13
2023/12/28 (17:18:00) | ERROR: No tty detected!
btop++ needs an interactive shell to run.

2024/05/09 (16:09:27) | ===> btop++ v.1.2.13
2024/05/09 (16:09:27) | ERROR: No tty detected!
btop++ needs an interactive shell to run.

2024/06/03 (09:39:22) | ===> btop++ v.1.2.13
2024/06/03 (09:39:22) | ERROR: No tty detected!
btop++ needs an interactive shell to run.

2024/06/21 (16:18:55) | ===> btop++ v.1.2.13
2024/06/21 (16:18:55) | ERROR: No tty detected!
btop++ needs an interactive shell to run.

2024/07/13 (16:42:41) | ===> btop++ v.1.2.13
2024/07/13 (16:42:41) | ERROR: Failed to get size of terminal!

2024/07/13 (20:04:03) | ===> btop++ v.1.2.13
2024/07/13 (20:04:03) | ERROR: Stall in Runner thread, restarting!

2024/07/14 (21:28:19) | ===> btop++ v.1.2.13
2024/07/14 (21:28:19) | ERROR: Stall in Runner thread, restarting!

2024/08/10 (17:09:24) | ===> btop++ v.1.2.13
2024/08/10 (17:09:24) | ERROR: Stall in Runner thread, restarting!

2024/12/05 (13:16:58) | ===> btop++ v.1.2.3
2024/12/05 (13:16:58) | ERROR: No UTF-8 locale detected!
Use --utf-force argument to force start if you're sure your terminal can handle it.
